Tue Oct 25 06:32:54 UTC 2022 - Executing "openroad -python /openlane/scripts/odbpy/lefutil.py get_metal_layers -o /openlane/designs/hehe/runs/RUN_2022.10.25_06.32.54/tmp/layers.list /work/stu/pguo/code/CPULab/dependencies/pdks/sky130A/libs.ref/sky130_fd_sc_hd/techlef/sky130_fd_sc_hd__nom.tlef"

Tue Oct 25 06:32:55 UTC 2022 - Executing "/openlane/scripts/mergeLef.py -o /openlane/designs/hehe/runs/RUN_2022.10.25_06.32.54/tmp/merged.nom.lef -i /work/stu/pguo/code/CPULab/dependencies/pdks/sky130A/libs.ref/sky130_fd_sc_hd/techlef/sky130_fd_sc_hd__nom.tlef {/work/stu/pguo/code/CPULab/dependencies/pdks/sky130A/libs.ref/sky130_fd_sc_hd/lef/sky130_ef_sc_hd.lef /work/stu/pguo/code/CPULab/dependencies/pdks/sky130A/libs.ref/sky130_fd_sc_hd/lef/sky130_fd_sc_hd.lef} |& tee /dev/null"

Tue Oct 25 06:32:55 UTC 2022 - Executing "/openlane/scripts/mergeLef.py -o /openlane/designs/hehe/runs/RUN_2022.10.25_06.32.54/tmp/merged.min.lef -i /work/stu/pguo/code/CPULab/dependencies/pdks/sky130A/libs.ref/sky130_fd_sc_hd/techlef/sky130_fd_sc_hd__min.tlef {/work/stu/pguo/code/CPULab/dependencies/pdks/sky130A/libs.ref/sky130_fd_sc_hd/lef/sky130_ef_sc_hd.lef /work/stu/pguo/code/CPULab/dependencies/pdks/sky130A/libs.ref/sky130_fd_sc_hd/lef/sky130_fd_sc_hd.lef} |& tee /dev/null"

Tue Oct 25 06:32:55 UTC 2022 - Executing "/openlane/scripts/mergeLef.py -o /openlane/designs/hehe/runs/RUN_2022.10.25_06.32.54/tmp/merged.max.lef -i /work/stu/pguo/code/CPULab/dependencies/pdks/sky130A/libs.ref/sky130_fd_sc_hd/techlef/sky130_fd_sc_hd__max.tlef {/work/stu/pguo/code/CPULab/dependencies/pdks/sky130A/libs.ref/sky130_fd_sc_hd/lef/sky130_ef_sc_hd.lef /work/stu/pguo/code/CPULab/dependencies/pdks/sky130A/libs.ref/sky130_fd_sc_hd/lef/sky130_fd_sc_hd.lef} |& tee /dev/null"

Tue Oct 25 06:32:55 UTC 2022 - Executing "python3 /openlane/scripts/mergeLib.py --output /openlane/designs/hehe/runs/RUN_2022.10.25_06.32.54/tmp/synthesis/merged.lib --name sky130A_merged /work/stu/pguo/code/CPULab/dependencies/pdks/sky130A/libs.ref/sky130_fd_sc_hd/lib/sky130_fd_sc_hd__tt_025C_1v80.lib"

Tue Oct 25 06:32:56 UTC 2022 - Executing "python3 /openlane/scripts/libtrim.py --cell-file /openlane/designs/hehe/runs/RUN_2022.10.25_06.32.54/tmp/synthesis/trimmed.lib.exclude.list --output /openlane/designs/hehe/runs/RUN_2022.10.25_06.32.54/tmp/synthesis/trimmed.lib /openlane/designs/hehe/runs/RUN_2022.10.25_06.32.54/tmp/synthesis/merged.lib"

Tue Oct 25 06:32:56 UTC 2022 - Executing "python3 /openlane/scripts/libtrim.py --cell-file /openlane/designs/hehe/runs/RUN_2022.10.25_06.32.54/tmp/cts/cts.lib.exclude.list --output /openlane/designs/hehe/runs/RUN_2022.10.25_06.32.54/tmp/cts/cts.lib /work/stu/pguo/code/CPULab/dependencies/pdks/sky130A/libs.ref/sky130_fd_sc_hd/lib/sky130_fd_sc_hd__tt_025C_1v80.lib"

Tue Oct 25 06:32:56 UTC 2022 - Executing "python3 /openlane/scripts/new_tracks.py -i /work/stu/pguo/code/CPULab/dependencies/pdks/sky130A/libs.tech/openlane/sky130_fd_sc_hd/tracks.info -o /openlane/designs/hehe/runs/RUN_2022.10.25_06.32.54/tmp/routing/config.tracks"

Tue Oct 25 06:32:56 UTC 2022 - Executing "echo {OpenLane e3a5189a1b0fc4290686fcf2ae46cd6d7947cf9f} > /openlane/designs/hehe/runs/RUN_2022.10.25_06.32.54/OPENLANE_VERSION"

Tue Oct 25 06:32:57 UTC 2022 - Executing "sed -E {s/^([[:space:]]+)pg_pin(.*)/\1pin\2\n\1    direction : "inout";/g} /work/stu/pguo/code/CPULab/dependencies/pdks/sky130A/libs.ref/sky130_fd_sc_hd/lib/sky130_fd_sc_hd__tt_025C_1v80.lib > /openlane/designs/hehe/runs/RUN_2022.10.25_06.32.54/tmp/synthesis/1-sky130_fd_sc_hd__tt_025C_1v80.no_pg.lib"

Tue Oct 25 06:32:57 UTC 2022 - Executing "sed -E {s/^([[:space:]]+)pg_pin(.*)/\1pin\2\n\1    direction : "inout";/g} /openlane/designs/hehe/runs/RUN_2022.10.25_06.32.54/tmp/synthesis/trimmed.lib > /openlane/designs/hehe/runs/RUN_2022.10.25_06.32.54/tmp/synthesis/1-trimmed.no_pg.lib"

Tue Oct 25 06:32:57 UTC 2022 - Executing "yosys -c /openlane/scripts/yosys/synth.tcl -l /openlane/designs/hehe/runs/RUN_2022.10.25_06.32.54/logs/synthesis/1-synthesis.log |& tee /dev/null"

Tue Oct 25 06:46:51 UTC 2022 - Executing "sed -i -e {s/\(set ::env(CURRENT_NETLIST)\).*/\1 \/openlane\/designs\/hehe\/runs\/RUN_2022.10.25_06.32.54\/results\/synthesis\/hehe.v/} /openlane/designs/hehe/runs/RUN_2022.10.25_06.32.54/config.tcl"

Tue Oct 25 06:46:52 UTC 2022 - Executing "sed -i /defparam/d /openlane/designs/hehe/runs/RUN_2022.10.25_06.32.54/results/synthesis/hehe.v"

Tue Oct 25 06:46:53 UTC 2022 - Executing "openroad -exit /openlane/scripts/openroad/sta.tcl |& tee /dev/null /openlane/designs/hehe/runs/RUN_2022.10.25_06.32.54/logs/synthesis/2-sta.log"

Tue Oct 25 06:48:05 UTC 2022 - Executing "sed -E {s/^([[:space:]]+)pg_pin(.*)/\1pin\2\n\1    direction : "inout";/g} /work/stu/pguo/code/CPULab/dependencies/pdks/sky130A/libs.ref/sky130_fd_sc_hd/lib/sky130_fd_sc_hd__tt_025C_1v80.lib > /openlane/designs/hehe/runs/RUN_2022.10.25_06.32.54/tmp/synthesis/2-sky130_fd_sc_hd__tt_025C_1v80.no_pg.lib"

Tue Oct 25 06:48:05 UTC 2022 - Executing "sed -E {s/^([[:space:]]+)pg_pin(.*)/\1pin\2\n\1    direction : "inout";/g} /openlane/designs/hehe/runs/RUN_2022.10.25_06.32.54/tmp/synthesis/trimmed.lib > /openlane/designs/hehe/runs/RUN_2022.10.25_06.32.54/tmp/synthesis/2-trimmed.no_pg.lib"

Tue Oct 25 06:48:05 UTC 2022 - Executing "yosys -c /openlane/scripts/yosys/synth.tcl -l /dev/null |& tee /dev/null"

Tue Oct 25 07:03:49 UTC 2022 - Executing "openroad -exit /openlane/scripts/openroad/floorplan.tcl |& tee /dev/null /openlane/designs/hehe/runs/RUN_2022.10.25_06.32.54/logs/floorplan/3-initial_fp.log"

Tue Oct 25 07:03:58 UTC 2022 - Executing "openroad -exit /openlane/scripts/openroad/floorplan.tcl |& tee /dev/null /openlane/designs/hehe/runs/RUN_2022.10.25_06.32.54/logs/floorplan/3-initial_fp.log"

Tue Oct 25 07:04:05 UTC 2022 - Executing "openroad -python /openlane/scripts/odbpy/defutil.py extract_core_dims --output-data /openlane/designs/hehe/runs/RUN_2022.10.25_06.32.54/tmp/dimensions.txt --input-lef /openlane/designs/hehe/runs/RUN_2022.10.25_06.32.54/tmp/merged.nom.lef /openlane/designs/hehe/runs/RUN_2022.10.25_06.32.54/tmp/floorplan/3-initial_fp.def"

Tue Oct 25 07:04:08 UTC 2022 - Executing "openroad -exit /openlane/scripts/openroad/ioplacer.tcl |& tee /dev/null /openlane/designs/hehe/runs/RUN_2022.10.25_06.32.54/logs/floorplan/4-io.log"

Tue Oct 25 07:04:15 UTC 2022 - Executing "openroad -exit /openlane/scripts/openroad/tapcell.tcl |& tee /dev/null /openlane/designs/hehe/runs/RUN_2022.10.25_06.32.54/logs/floorplan/5-tap.log"

Tue Oct 25 07:04:22 UTC 2022 - Executing "openroad -exit /openlane/scripts/openroad/pdn.tcl |& tee /dev/null /openlane/designs/hehe/runs/RUN_2022.10.25_06.32.54/logs/floorplan/6-pdn.log"

Tue Oct 25 07:04:38 UTC 2022 - Executing "openroad -exit /openlane/scripts/openroad/gpl.tcl |& tee /dev/null /openlane/designs/hehe/runs/RUN_2022.10.25_06.32.54/logs/placement/7-global.log"

Tue Oct 25 07:04:57 UTC 2022 - Executing "python3 /openlane/scripts/generate_reports.py -d /openlane/designs/hehe --design_name hehe --tag RUN_2022.10.25_06.32.54 --output_file /openlane/designs/hehe/runs/RUN_2022.10.25_06.32.54/reports/metrics.csv --man_report /openlane/designs/hehe/runs/RUN_2022.10.25_06.32.54/reports/manufacturability.rpt --run_path /openlane/designs/hehe/runs/RUN_2022.10.25_06.32.54"

