[INFO]: Run Directory: /openlane/designs/hehe/runs/RUN_2022.10.25_06.32.54
[INFO]: Preparing LEF files for the nom corner...
[INFO]: Preparing LEF files for the min corner...
[INFO]: Preparing LEF files for the max corner...
[INFO]: Running Synthesis (log: designs/hehe/runs/RUN_2022.10.25_06.32.54/logs/synthesis/1-synthesis.log)...
[INFO]: Running Single-Corner Static Timing Analysis (log: designs/hehe/runs/RUN_2022.10.25_06.32.54/logs/synthesis/2-sta.log)...
[INFO]: Creating a netlist with power/ground pins.
[INFO]: Running Initial Floorplanning (log: designs/hehe/runs/RUN_2022.10.25_06.32.54/logs/floorplan/3-initial_fp.log)...
[INFO]: Extracting core dimensions...
[INFO]: Set CORE_WIDTH to 1908.54, CORE_HEIGHT to 1895.84.
[INFO]: Running IO Placement...
[INFO]: Running Tap/Decap Insertion (log: designs/hehe/runs/RUN_2022.10.25_06.32.54/logs/floorplan/5-tap.log)...
[INFO]: Power planning with power {vccd1} and ground {vssd1}...
[INFO]: Generating PDN (log: designs/hehe/runs/RUN_2022.10.25_06.32.54/logs/floorplan/6-pdn.log)...
[INFO]: Running Global Placement (log: designs/hehe/runs/RUN_2022.10.25_06.32.54/logs/placement/7-global.log)...
[ERROR]: during executing openroad script /openlane/scripts/openroad/gpl.tcl
[ERROR]: Log: designs/hehe/runs/RUN_2022.10.25_06.32.54/logs/placement/7-global.log
[ERROR]: Last 10 lines:
[InitialPlace]  Iter: 1 CG residual: 0.00161413 HPWL: 2514039960
[InitialPlace]  Iter: 2 CG residual: 0.00003324 HPWL: 2561937694
[InitialPlace]  Iter: 3 CG residual: 0.00000664 HPWL: 2587710628
[InitialPlace]  Iter: 4 CG residual: 0.00000658 HPWL: 2597146389
[InitialPlace]  Iter: 5 CG residual: 0.00000645 HPWL: 2593270100
[ERROR GPL-0302] Use a higher -density or re-floorplan with a larger core area.
Given target density: 0.36
Suggested target density: 0.68
Error: gpl.tcl, 69 GPL-0302
child process exited abnormally

[ERROR]: Creating issue reproducible...
[INFO]: Saving runtime environment...
[INFO]: Reproducible packaged: Please tarball and upload 'designs/hehe/runs/RUN_2022.10.25_06.32.54/issue_reproducible' if you're going to submit an issue.
[INFO]: Saving current set of views in 'designs/hehe/runs/RUN_2022.10.25_06.32.54/results/final'...
[INFO]: Generating final set of reports...
[INFO]: Created manufacturability report at 'designs/hehe/runs/RUN_2022.10.25_06.32.54/reports/manufacturability.rpt'.
[INFO]: Created metrics report at 'designs/hehe/runs/RUN_2022.10.25_06.32.54/reports/metrics.csv'.
[INFO]: Saving runtime environment...
[ERROR]: Flow failed.
