
57. Printing statistics.

=== hehe ===

   Number of wires:             242944
   Number of wire bits:         243123
   Number of public wires:       46242
   Number of public wire bits:   46421
   Number of memories:               0
   Number of memory bits:            0
   Number of processes:              0
   Number of cells:             243050
     sky130_fd_sc_hd__a2111o_2      65
     sky130_fd_sc_hd__a2111oi_2      1
     sky130_fd_sc_hd__a211o_2     1903
     sky130_fd_sc_hd__a211oi_2      13
     sky130_fd_sc_hd__a21bo_2       84
     sky130_fd_sc_hd__a21boi_2      18
     sky130_fd_sc_hd__a21o_2      2099
     sky130_fd_sc_hd__a21oi_2      590
     sky130_fd_sc_hd__a221o_2    14250
     sky130_fd_sc_hd__a221oi_2       3
     sky130_fd_sc_hd__a22o_2      7806
     sky130_fd_sc_hd__a22oi_2       49
     sky130_fd_sc_hd__a2bb2o_2      94
     sky130_fd_sc_hd__a311o_2      182
     sky130_fd_sc_hd__a311oi_2       3
     sky130_fd_sc_hd__a31o_2      1891
     sky130_fd_sc_hd__a31oi_2       34
     sky130_fd_sc_hd__a32o_2       270
     sky130_fd_sc_hd__a41o_2        16
     sky130_fd_sc_hd__and2_2      1094
     sky130_fd_sc_hd__and2b_2      114
     sky130_fd_sc_hd__and3_2      1866
     sky130_fd_sc_hd__and3b_2       47
     sky130_fd_sc_hd__and4_2        81
     sky130_fd_sc_hd__and4b_2       23
     sky130_fd_sc_hd__and4bb_2      12
     sky130_fd_sc_hd__buf_1      61354
     sky130_fd_sc_hd__buf_2          7
     sky130_fd_sc_hd__conb_1        24
     sky130_fd_sc_hd__dfxtp_2    45920
     sky130_fd_sc_hd__dlxtn_1       32
     sky130_fd_sc_hd__inv_2      37185
     sky130_fd_sc_hd__mux2_2     46932
     sky130_fd_sc_hd__mux4_2      2106
     sky130_fd_sc_hd__nand2_2     2049
     sky130_fd_sc_hd__nand2b_2       5
     sky130_fd_sc_hd__nand3_2       22
     sky130_fd_sc_hd__nand3b_2      13
     sky130_fd_sc_hd__nand4_2        8
     sky130_fd_sc_hd__nand4b_2       2
     sky130_fd_sc_hd__nor2_2      4625
     sky130_fd_sc_hd__nor2b_2        8
     sky130_fd_sc_hd__nor3_2        38
     sky130_fd_sc_hd__nor3b_2        4
     sky130_fd_sc_hd__nor4_2         9
     sky130_fd_sc_hd__nor4b_2        2
     sky130_fd_sc_hd__o2111a_2      24
     sky130_fd_sc_hd__o2111ai_2      3
     sky130_fd_sc_hd__o211a_2     2682
     sky130_fd_sc_hd__o211ai_2      33
     sky130_fd_sc_hd__o21a_2      1040
     sky130_fd_sc_hd__o21ai_2      561
     sky130_fd_sc_hd__o21ba_2       45
     sky130_fd_sc_hd__o21bai_2      16
     sky130_fd_sc_hd__o221a_2      446
     sky130_fd_sc_hd__o221ai_2      15
     sky130_fd_sc_hd__o22a_2       189
     sky130_fd_sc_hd__o22ai_2       10
     sky130_fd_sc_hd__o2bb2a_2     128
     sky130_fd_sc_hd__o311a_2      214
     sky130_fd_sc_hd__o31a_2       117
     sky130_fd_sc_hd__o31ai_2        9
     sky130_fd_sc_hd__o32a_2        41
     sky130_fd_sc_hd__o41a_2         5
     sky130_fd_sc_hd__or2_2       3496
     sky130_fd_sc_hd__or2b_2        82
     sky130_fd_sc_hd__or3_2        244
     sky130_fd_sc_hd__or3b_2       137
     sky130_fd_sc_hd__or4_2        191
     sky130_fd_sc_hd__or4b_2        30
     sky130_fd_sc_hd__or4bb_2        6
     sky130_fd_sc_hd__xnor2_2      161
     sky130_fd_sc_hd__xor2_2       172

   Chip area for module '\hehe': 2386507.600001

