
===========================================================================
report_checks -unconstrained
============================================================================
Startpoint: _437740_ (rising edge-triggered flip-flop clocked by clk')
Endpoint: _425165_ (rising edge-triggered flip-flop clocked by clk)
Path Group: clk
Path Type: max

Fanout     Cap    Slew   Delay    Time   Description
-----------------------------------------------------------------------------
                  0.15    6.25    6.25   clock clk' (rise edge)
                          0.00    6.25   clock network delay (ideal)
                  0.15    0.00    6.25 ^ _437740_/CLK (sky130_fd_sc_hd__dfxtp_2)
                  0.03    0.37    6.62 v _437740_/Q (sky130_fd_sc_hd__dfxtp_2)
     3    0.01                           dcache_tag_ram.dout0[0] (net)
                  0.03    0.00    6.62 v _309823_/A0 (sky130_fd_sc_hd__mux2_2)
                  0.07    0.29    6.90 v _309823_/X (sky130_fd_sc_hd__mux2_2)
     1    0.01                           _158803_ (net)
                  0.07    0.01    6.92 v _309824_/B (sky130_fd_sc_hd__xor2_2)
                  0.05    0.16    7.08 v _309824_/X (sky130_fd_sc_hd__xor2_2)
     3    0.01                           _158804_ (net)
                  0.05    0.00    7.08 v _309827_/B1 (sky130_fd_sc_hd__a2111o_2)
                  0.06    0.44    7.53 v _309827_/X (sky130_fd_sc_hd__a2111o_2)
     1    0.00                           _158807_ (net)
                  0.06    0.00    7.53 v _309828_/D (sky130_fd_sc_hd__or4_2)
                  0.09    0.55    8.07 v _309828_/X (sky130_fd_sc_hd__or4_2)
     1    0.00                           _158808_ (net)
                  0.09    0.00    8.08 v _309829_/D (sky130_fd_sc_hd__or4_2)
                  0.09    0.56    8.64 v _309829_/X (sky130_fd_sc_hd__or4_2)
     1    0.00                           _158809_ (net)
                  0.09    0.00    8.64 v _309866_/B (sky130_fd_sc_hd__or4b_2)
                  0.09    0.66    9.30 v _309866_/X (sky130_fd_sc_hd__or4b_2)
     1    0.00                           _158846_ (net)
                  0.09    0.00    9.30 v _309886_/C (sky130_fd_sc_hd__or4_2)
                  0.16    0.75   10.05 v _309886_/X (sky130_fd_sc_hd__or4_2)
     9    0.02                           _158866_ (net)
                  0.16    0.00   10.05 v _311508_/B (sky130_fd_sc_hd__or3_2)
                  0.11    0.57   10.62 v _311508_/X (sky130_fd_sc_hd__or3_2)
     8    0.01                           _160356_ (net)
                  0.11    0.00   10.62 v _311509_/B1 (sky130_fd_sc_hd__a31o_2)
                  0.06    0.28   10.90 v _311509_/X (sky130_fd_sc_hd__a31o_2)
     4    0.01                           _160357_ (net)
                  0.06    0.00   10.90 v _311773_/A (sky130_fd_sc_hd__buf_1)
                  0.11    0.17   11.07 v _311773_/X (sky130_fd_sc_hd__buf_1)
    10    0.02                           _160605_ (net)
                  0.11    0.00   11.07 v _312025_/B (sky130_fd_sc_hd__and2_2)
                  0.04    0.22   11.29 v _312025_/X (sky130_fd_sc_hd__and2_2)
     1    0.00                           _160841_ (net)
                  0.04    0.00   11.29 v _312026_/A (sky130_fd_sc_hd__buf_1)
                  0.11    0.16   11.45 v _312026_/X (sky130_fd_sc_hd__buf_1)
     8    0.02                           _160842_ (net)
                  0.11    0.00   11.45 v _312071_/A (sky130_fd_sc_hd__buf_1)
                  0.16    0.23   11.69 v _312071_/X (sky130_fd_sc_hd__buf_1)
    10    0.03                           _160885_ (net)
                  0.16    0.00   11.69 v _312264_/A2 (sky130_fd_sc_hd__a22oi_2)
                  0.14    0.24   11.93 ^ _312264_/Y (sky130_fd_sc_hd__a22oi_2)
     2    0.00                           _161064_ (net)
                  0.14    0.00   11.93 ^ _312376_/A2_N (sky130_fd_sc_hd__a2bb2o_2)
                  0.04    0.29   12.22 v _312376_/X (sky130_fd_sc_hd__a2bb2o_2)
     1    0.00                           _161168_ (net)
                  0.04    0.00   12.22 v _312377_/A1 (sky130_fd_sc_hd__mux2_2)
                  0.05    0.26   12.49 v _312377_/X (sky130_fd_sc_hd__mux2_2)
     1    0.00                           _161169_ (net)
                  0.05    0.00   12.49 v _312378_/A1 (sky130_fd_sc_hd__mux2_2)
                  0.05    0.28   12.77 v _312378_/X (sky130_fd_sc_hd__mux2_2)
     2    0.00                           _161170_ (net)
                  0.05    0.00   12.77 v _375630_/C (sky130_fd_sc_hd__or4_2)
                  0.11    0.65   13.41 v _375630_/X (sky130_fd_sc_hd__or4_2)
     1    0.00                           _194016_ (net)
                  0.11    0.01   13.42 v _375631_/B1 (sky130_fd_sc_hd__o21ai_2)
                  0.16    0.11   13.53 ^ _375631_/Y (sky130_fd_sc_hd__o21ai_2)
     2    0.01                           _194017_ (net)
                  0.16    0.01   13.54 ^ _377545_/A1 (sky130_fd_sc_hd__a21oi_2)
                  0.10    0.07   13.61 v _377545_/Y (sky130_fd_sc_hd__a21oi_2)
     1    0.00                           _194905_ (net)
                  0.10    0.00   13.61 v _377546_/B2 (sky130_fd_sc_hd__a22o_2)
                  0.04    0.25   13.86 v _377546_/X (sky130_fd_sc_hd__a22o_2)
     1    0.00                           _067748_ (net)
                  0.04    0.00   13.86 v _425165_/D (sky130_fd_sc_hd__dfxtp_2)
                                 13.86   data arrival time

                  0.15   12.50   12.50   clock clk (rise edge)
                          0.00   12.50   clock network delay (ideal)
                         -0.25   12.25   clock uncertainty
                          0.00   12.25   clock reconvergence pessimism
                                 12.25 ^ _425165_/CLK (sky130_fd_sc_hd__dfxtp_2)
                         -0.09   12.16   library setup time
                                 12.16   data required time
-----------------------------------------------------------------------------
                                 12.16   data required time
                                -13.86   data arrival time
-----------------------------------------------------------------------------
                                 -1.70   slack (VIOLATED)



===========================================================================
report_checks --slack_max -0.01
============================================================================
Startpoint: _437740_ (rising edge-triggered flip-flop clocked by clk')
Endpoint: _425165_ (rising edge-triggered flip-flop clocked by clk)
Path Group: clk
Path Type: max

Fanout     Cap    Slew   Delay    Time   Description
-----------------------------------------------------------------------------
                  0.15    6.25    6.25   clock clk' (rise edge)
                          0.00    6.25   clock network delay (ideal)
                  0.15    0.00    6.25 ^ _437740_/CLK (sky130_fd_sc_hd__dfxtp_2)
                  0.03    0.37    6.62 v _437740_/Q (sky130_fd_sc_hd__dfxtp_2)
     3    0.01                           dcache_tag_ram.dout0[0] (net)
                  0.03    0.00    6.62 v _309823_/A0 (sky130_fd_sc_hd__mux2_2)
                  0.07    0.29    6.90 v _309823_/X (sky130_fd_sc_hd__mux2_2)
     1    0.01                           _158803_ (net)
                  0.07    0.01    6.92 v _309824_/B (sky130_fd_sc_hd__xor2_2)
                  0.05    0.16    7.08 v _309824_/X (sky130_fd_sc_hd__xor2_2)
     3    0.01                           _158804_ (net)
                  0.05    0.00    7.08 v _309827_/B1 (sky130_fd_sc_hd__a2111o_2)
                  0.06    0.44    7.53 v _309827_/X (sky130_fd_sc_hd__a2111o_2)
     1    0.00                           _158807_ (net)
                  0.06    0.00    7.53 v _309828_/D (sky130_fd_sc_hd__or4_2)
                  0.09    0.55    8.07 v _309828_/X (sky130_fd_sc_hd__or4_2)
     1    0.00                           _158808_ (net)
                  0.09    0.00    8.08 v _309829_/D (sky130_fd_sc_hd__or4_2)
                  0.09    0.56    8.64 v _309829_/X (sky130_fd_sc_hd__or4_2)
     1    0.00                           _158809_ (net)
                  0.09    0.00    8.64 v _309866_/B (sky130_fd_sc_hd__or4b_2)
                  0.09    0.66    9.30 v _309866_/X (sky130_fd_sc_hd__or4b_2)
     1    0.00                           _158846_ (net)
                  0.09    0.00    9.30 v _309886_/C (sky130_fd_sc_hd__or4_2)
                  0.16    0.75   10.05 v _309886_/X (sky130_fd_sc_hd__or4_2)
     9    0.02                           _158866_ (net)
                  0.16    0.00   10.05 v _311508_/B (sky130_fd_sc_hd__or3_2)
                  0.11    0.57   10.62 v _311508_/X (sky130_fd_sc_hd__or3_2)
     8    0.01                           _160356_ (net)
                  0.11    0.00   10.62 v _311509_/B1 (sky130_fd_sc_hd__a31o_2)
                  0.06    0.28   10.90 v _311509_/X (sky130_fd_sc_hd__a31o_2)
     4    0.01                           _160357_ (net)
                  0.06    0.00   10.90 v _311773_/A (sky130_fd_sc_hd__buf_1)
                  0.11    0.17   11.07 v _311773_/X (sky130_fd_sc_hd__buf_1)
    10    0.02                           _160605_ (net)
                  0.11    0.00   11.07 v _312025_/B (sky130_fd_sc_hd__and2_2)
                  0.04    0.22   11.29 v _312025_/X (sky130_fd_sc_hd__and2_2)
     1    0.00                           _160841_ (net)
                  0.04    0.00   11.29 v _312026_/A (sky130_fd_sc_hd__buf_1)
                  0.11    0.16   11.45 v _312026_/X (sky130_fd_sc_hd__buf_1)
     8    0.02                           _160842_ (net)
                  0.11    0.00   11.45 v _312071_/A (sky130_fd_sc_hd__buf_1)
                  0.16    0.23   11.69 v _312071_/X (sky130_fd_sc_hd__buf_1)
    10    0.03                           _160885_ (net)
                  0.16    0.00   11.69 v _312264_/A2 (sky130_fd_sc_hd__a22oi_2)
                  0.14    0.24   11.93 ^ _312264_/Y (sky130_fd_sc_hd__a22oi_2)
     2    0.00                           _161064_ (net)
                  0.14    0.00   11.93 ^ _312376_/A2_N (sky130_fd_sc_hd__a2bb2o_2)
                  0.04    0.29   12.22 v _312376_/X (sky130_fd_sc_hd__a2bb2o_2)
     1    0.00                           _161168_ (net)
                  0.04    0.00   12.22 v _312377_/A1 (sky130_fd_sc_hd__mux2_2)
                  0.05    0.26   12.49 v _312377_/X (sky130_fd_sc_hd__mux2_2)
     1    0.00                           _161169_ (net)
                  0.05    0.00   12.49 v _312378_/A1 (sky130_fd_sc_hd__mux2_2)
                  0.05    0.28   12.77 v _312378_/X (sky130_fd_sc_hd__mux2_2)
     2    0.00                           _161170_ (net)
                  0.05    0.00   12.77 v _375630_/C (sky130_fd_sc_hd__or4_2)
                  0.11    0.65   13.41 v _375630_/X (sky130_fd_sc_hd__or4_2)
     1    0.00                           _194016_ (net)
                  0.11    0.01   13.42 v _375631_/B1 (sky130_fd_sc_hd__o21ai_2)
                  0.16    0.11   13.53 ^ _375631_/Y (sky130_fd_sc_hd__o21ai_2)
     2    0.01                           _194017_ (net)
                  0.16    0.01   13.54 ^ _377545_/A1 (sky130_fd_sc_hd__a21oi_2)
                  0.10    0.07   13.61 v _377545_/Y (sky130_fd_sc_hd__a21oi_2)
     1    0.00                           _194905_ (net)
                  0.10    0.00   13.61 v _377546_/B2 (sky130_fd_sc_hd__a22o_2)
                  0.04    0.25   13.86 v _377546_/X (sky130_fd_sc_hd__a22o_2)
     1    0.00                           _067748_ (net)
                  0.04    0.00   13.86 v _425165_/D (sky130_fd_sc_hd__dfxtp_2)
                                 13.86   data arrival time

                  0.15   12.50   12.50   clock clk (rise edge)
                          0.00   12.50   clock network delay (ideal)
                         -0.25   12.25   clock uncertainty
                          0.00   12.25   clock reconvergence pessimism
                                 12.25 ^ _425165_/CLK (sky130_fd_sc_hd__dfxtp_2)
                         -0.09   12.16   library setup time
                                 12.16   data required time
-----------------------------------------------------------------------------
                                 12.16   data required time
                                -13.86   data arrival time
-----------------------------------------------------------------------------
                                 -1.70   slack (VIOLATED)


