
57. Printing statistics.

=== hehe ===

   Number of wires:             238924
   Number of wire bits:         239103
   Number of public wires:       46244
   Number of public wire bits:   46423
   Number of memories:               0
   Number of memory bits:            0
   Number of processes:              0
   Number of cells:             239028
     sky130_fd_sc_hd__a2111o_2      65
     sky130_fd_sc_hd__a2111oi_2      2
     sky130_fd_sc_hd__a211o_2     1751
     sky130_fd_sc_hd__a211oi_2      22
     sky130_fd_sc_hd__a21bo_2      111
     sky130_fd_sc_hd__a21boi_2      26
     sky130_fd_sc_hd__a21o_2      1920
     sky130_fd_sc_hd__a21oi_2      576
     sky130_fd_sc_hd__a221o_2    11585
     sky130_fd_sc_hd__a221oi_2       7
     sky130_fd_sc_hd__a22o_2      6206
     sky130_fd_sc_hd__a22oi_2       48
     sky130_fd_sc_hd__a2bb2o_2     116
     sky130_fd_sc_hd__a311o_2      171
     sky130_fd_sc_hd__a311oi_2       4
     sky130_fd_sc_hd__a31o_2      1460
     sky130_fd_sc_hd__a31oi_2       33
     sky130_fd_sc_hd__a32o_2       137
     sky130_fd_sc_hd__a41o_2        13
     sky130_fd_sc_hd__and2_2      1034
     sky130_fd_sc_hd__and2b_2       77
     sky130_fd_sc_hd__and3_2      1779
     sky130_fd_sc_hd__and3b_2       32
     sky130_fd_sc_hd__and4_2        73
     sky130_fd_sc_hd__and4b_2       24
     sky130_fd_sc_hd__and4bb_2      13
     sky130_fd_sc_hd__buf_1      60719
     sky130_fd_sc_hd__buf_2          8
     sky130_fd_sc_hd__conb_1        24
     sky130_fd_sc_hd__dfxtp_2    45920
     sky130_fd_sc_hd__dlxtn_1       32
     sky130_fd_sc_hd__inv_2      37201
     sky130_fd_sc_hd__mux2_1         1
     sky130_fd_sc_hd__mux2_2     46843
     sky130_fd_sc_hd__mux4_2      4814
     sky130_fd_sc_hd__nand2_2     1981
     sky130_fd_sc_hd__nand2b_2       6
     sky130_fd_sc_hd__nand3_2       20
     sky130_fd_sc_hd__nand3b_2      15
     sky130_fd_sc_hd__nand4_2        7
     sky130_fd_sc_hd__nand4b_2       2
     sky130_fd_sc_hd__nor2_2      4681
     sky130_fd_sc_hd__nor2b_2        8
     sky130_fd_sc_hd__nor3_2        32
     sky130_fd_sc_hd__nor3b_2        4
     sky130_fd_sc_hd__nor4_2         6
     sky130_fd_sc_hd__nor4b_2        4
     sky130_fd_sc_hd__o2111a_2      23
     sky130_fd_sc_hd__o2111ai_2      3
     sky130_fd_sc_hd__o211a_2     2312
     sky130_fd_sc_hd__o211ai_2      25
     sky130_fd_sc_hd__o21a_2      1157
     sky130_fd_sc_hd__o21ai_2      505
     sky130_fd_sc_hd__o21ba_2       40
     sky130_fd_sc_hd__o21bai_2      10
     sky130_fd_sc_hd__o221a_2      444
     sky130_fd_sc_hd__o221ai_2      11
     sky130_fd_sc_hd__o22a_2       167
     sky130_fd_sc_hd__o22ai_2        6
     sky130_fd_sc_hd__o2bb2a_2     112
     sky130_fd_sc_hd__o2bb2ai_2      2
     sky130_fd_sc_hd__o311a_2      255
     sky130_fd_sc_hd__o311ai_2       2
     sky130_fd_sc_hd__o31a_2       172
     sky130_fd_sc_hd__o31ai_2        6
     sky130_fd_sc_hd__o32a_2        39
     sky130_fd_sc_hd__o41a_2         6
     sky130_fd_sc_hd__or2_2       3117
     sky130_fd_sc_hd__or2b_2        78
     sky130_fd_sc_hd__or3_2        212
     sky130_fd_sc_hd__or3b_2       155
     sky130_fd_sc_hd__or4_2        146
     sky130_fd_sc_hd__or4b_2        44
     sky130_fd_sc_hd__or4bb_2        5
     sky130_fd_sc_hd__xnor2_2      204
     sky130_fd_sc_hd__xor2_2       157

   Chip area for module '\hehe': 2383322.044801

