
===========================================================================
report_checks -path_delay max (Setup)
============================================================================
Startpoint: _437740_ (rising edge-triggered flip-flop clocked by clk')
Endpoint: _425165_ (rising edge-triggered flip-flop clocked by clk)
Path Group: clk
Path Type: max

Fanout     Cap    Slew   Delay    Time   Description
-----------------------------------------------------------------------------
                  0.15    6.25    6.25   clock clk' (rise edge)
                          0.00    6.25   clock network delay (ideal)
                  0.15    0.00    6.25 ^ _437740_/CLK (sky130_fd_sc_hd__dfxtp_2)
                  0.03    0.37    6.62 v _437740_/Q (sky130_fd_sc_hd__dfxtp_2)
     3    0.01                           dcache_tag_ram.dout0[0] (net)
                  0.03    0.00    6.62 v _309823_/A0 (sky130_fd_sc_hd__mux2_2)
                  0.07    0.29    6.90 v _309823_/X (sky130_fd_sc_hd__mux2_2)
     1    0.01                           _158803_ (net)
                  0.07    0.01    6.92 v _309824_/B (sky130_fd_sc_hd__xor2_2)
                  0.05    0.16    7.08 v _309824_/X (sky130_fd_sc_hd__xor2_2)
     3    0.01                           _158804_ (net)
                  0.05    0.00    7.08 v _309827_/B1 (sky130_fd_sc_hd__a2111o_2)
                  0.06    0.44    7.53 v _309827_/X (sky130_fd_sc_hd__a2111o_2)
     1    0.00                           _158807_ (net)
                  0.06    0.00    7.53 v _309828_/D (sky130_fd_sc_hd__or4_2)
                  0.09    0.55    8.07 v _309828_/X (sky130_fd_sc_hd__or4_2)
     1    0.00                           _158808_ (net)
                  0.09    0.00    8.08 v _309829_/D (sky130_fd_sc_hd__or4_2)
                  0.09    0.56    8.64 v _309829_/X (sky130_fd_sc_hd__or4_2)
     1    0.00                           _158809_ (net)
                  0.09    0.00    8.64 v _309866_/B (sky130_fd_sc_hd__or4b_2)
                  0.09    0.66    9.30 v _309866_/X (sky130_fd_sc_hd__or4b_2)
     1    0.00                           _158846_ (net)
                  0.09    0.00    9.30 v _309886_/C (sky130_fd_sc_hd__or4_2)
                  0.16    0.75   10.05 v _309886_/X (sky130_fd_sc_hd__or4_2)
     9    0.02                           _158866_ (net)
                  0.16    0.00   10.05 v _311508_/B (sky130_fd_sc_hd__or3_2)
                  0.11    0.57   10.62 v _311508_/X (sky130_fd_sc_hd__or3_2)
     8    0.01                           _160356_ (net)
                  0.11    0.00   10.62 v _311509_/B1 (sky130_fd_sc_hd__a31o_2)
                  0.06    0.28   10.90 v _311509_/X (sky130_fd_sc_hd__a31o_2)
     4    0.01                           _160357_ (net)
                  0.06    0.00   10.90 v _311773_/A (sky130_fd_sc_hd__buf_1)
                  0.11    0.17   11.07 v _311773_/X (sky130_fd_sc_hd__buf_1)
    10    0.02                           _160605_ (net)
                  0.11    0.00   11.07 v _312025_/B (sky130_fd_sc_hd__and2_2)
                  0.04    0.22   11.29 v _312025_/X (sky130_fd_sc_hd__and2_2)
     1    0.00                           _160841_ (net)
                  0.04    0.00   11.29 v _312026_/A (sky130_fd_sc_hd__buf_1)
                  0.11    0.16   11.45 v _312026_/X (sky130_fd_sc_hd__buf_1)
     8    0.02                           _160842_ (net)
                  0.11    0.00   11.45 v _312071_/A (sky130_fd_sc_hd__buf_1)
                  0.16    0.23   11.69 v _312071_/X (sky130_fd_sc_hd__buf_1)
    10    0.03                           _160885_ (net)
                  0.16    0.00   11.69 v _312264_/A2 (sky130_fd_sc_hd__a22oi_2)
                  0.14    0.24   11.93 ^ _312264_/Y (sky130_fd_sc_hd__a22oi_2)
     2    0.00                           _161064_ (net)
                  0.14    0.00   11.93 ^ _312376_/A2_N (sky130_fd_sc_hd__a2bb2o_2)
                  0.04    0.29   12.22 v _312376_/X (sky130_fd_sc_hd__a2bb2o_2)
     1    0.00                           _161168_ (net)
                  0.04    0.00   12.22 v _312377_/A1 (sky130_fd_sc_hd__mux2_2)
                  0.05    0.26   12.49 v _312377_/X (sky130_fd_sc_hd__mux2_2)
     1    0.00                           _161169_ (net)
                  0.05    0.00   12.49 v _312378_/A1 (sky130_fd_sc_hd__mux2_2)
                  0.05    0.28   12.77 v _312378_/X (sky130_fd_sc_hd__mux2_2)
     2    0.00                           _161170_ (net)
                  0.05    0.00   12.77 v _375630_/C (sky130_fd_sc_hd__or4_2)
                  0.11    0.65   13.41 v _375630_/X (sky130_fd_sc_hd__or4_2)
     1    0.00                           _194016_ (net)
                  0.11    0.01   13.42 v _375631_/B1 (sky130_fd_sc_hd__o21ai_2)
                  0.16    0.11   13.53 ^ _375631_/Y (sky130_fd_sc_hd__o21ai_2)
     2    0.01                           _194017_ (net)
                  0.16    0.01   13.54 ^ _377545_/A1 (sky130_fd_sc_hd__a21oi_2)
                  0.10    0.07   13.61 v _377545_/Y (sky130_fd_sc_hd__a21oi_2)
     1    0.00                           _194905_ (net)
                  0.10    0.00   13.61 v _377546_/B2 (sky130_fd_sc_hd__a22o_2)
                  0.04    0.25   13.86 v _377546_/X (sky130_fd_sc_hd__a22o_2)
     1    0.00                           _067748_ (net)
                  0.04    0.00   13.86 v _425165_/D (sky130_fd_sc_hd__dfxtp_2)
                                 13.86   data arrival time

                  0.15   12.50   12.50   clock clk (rise edge)
                          0.00   12.50   clock network delay (ideal)
                         -0.25   12.25   clock uncertainty
                          0.00   12.25   clock reconvergence pessimism
                                 12.25 ^ _425165_/CLK (sky130_fd_sc_hd__dfxtp_2)
                         -0.09   12.16   library setup time
                                 12.16   data required time
-----------------------------------------------------------------------------
                                 12.16   data required time
                                -13.86   data arrival time
-----------------------------------------------------------------------------
                                 -1.70   slack (VIOLATED)


Startpoint: _437740_ (rising edge-triggered flip-flop clocked by clk')
Endpoint: _425169_ (rising edge-triggered flip-flop clocked by clk)
Path Group: clk
Path Type: max

Fanout     Cap    Slew   Delay    Time   Description
-----------------------------------------------------------------------------
                  0.15    6.25    6.25   clock clk' (rise edge)
                          0.00    6.25   clock network delay (ideal)
                  0.15    0.00    6.25 ^ _437740_/CLK (sky130_fd_sc_hd__dfxtp_2)
                  0.03    0.37    6.62 v _437740_/Q (sky130_fd_sc_hd__dfxtp_2)
     3    0.01                           dcache_tag_ram.dout0[0] (net)
                  0.03    0.00    6.62 v _309823_/A0 (sky130_fd_sc_hd__mux2_2)
                  0.07    0.29    6.90 v _309823_/X (sky130_fd_sc_hd__mux2_2)
     1    0.01                           _158803_ (net)
                  0.07    0.01    6.92 v _309824_/B (sky130_fd_sc_hd__xor2_2)
                  0.05    0.16    7.08 v _309824_/X (sky130_fd_sc_hd__xor2_2)
     3    0.01                           _158804_ (net)
                  0.05    0.00    7.08 v _309827_/B1 (sky130_fd_sc_hd__a2111o_2)
                  0.06    0.44    7.53 v _309827_/X (sky130_fd_sc_hd__a2111o_2)
     1    0.00                           _158807_ (net)
                  0.06    0.00    7.53 v _309828_/D (sky130_fd_sc_hd__or4_2)
                  0.09    0.55    8.07 v _309828_/X (sky130_fd_sc_hd__or4_2)
     1    0.00                           _158808_ (net)
                  0.09    0.00    8.08 v _309829_/D (sky130_fd_sc_hd__or4_2)
                  0.09    0.56    8.64 v _309829_/X (sky130_fd_sc_hd__or4_2)
     1    0.00                           _158809_ (net)
                  0.09    0.00    8.64 v _309866_/B (sky130_fd_sc_hd__or4b_2)
                  0.09    0.66    9.30 v _309866_/X (sky130_fd_sc_hd__or4b_2)
     1    0.00                           _158846_ (net)
                  0.09    0.00    9.30 v _309886_/C (sky130_fd_sc_hd__or4_2)
                  0.16    0.75   10.05 v _309886_/X (sky130_fd_sc_hd__or4_2)
     9    0.02                           _158866_ (net)
                  0.16    0.00   10.05 v _311508_/B (sky130_fd_sc_hd__or3_2)
                  0.11    0.57   10.62 v _311508_/X (sky130_fd_sc_hd__or3_2)
     8    0.01                           _160356_ (net)
                  0.11    0.00   10.62 v _311509_/B1 (sky130_fd_sc_hd__a31o_2)
                  0.06    0.28   10.90 v _311509_/X (sky130_fd_sc_hd__a31o_2)
     4    0.01                           _160357_ (net)
                  0.06    0.00   10.90 v _311773_/A (sky130_fd_sc_hd__buf_1)
                  0.11    0.17   11.07 v _311773_/X (sky130_fd_sc_hd__buf_1)
    10    0.02                           _160605_ (net)
                  0.11    0.00   11.07 v _312025_/B (sky130_fd_sc_hd__and2_2)
                  0.04    0.22   11.29 v _312025_/X (sky130_fd_sc_hd__and2_2)
     1    0.00                           _160841_ (net)
                  0.04    0.00   11.29 v _312026_/A (sky130_fd_sc_hd__buf_1)
                  0.11    0.16   11.45 v _312026_/X (sky130_fd_sc_hd__buf_1)
     8    0.02                           _160842_ (net)
                  0.11    0.00   11.45 v _312071_/A (sky130_fd_sc_hd__buf_1)
                  0.16    0.23   11.69 v _312071_/X (sky130_fd_sc_hd__buf_1)
    10    0.03                           _160885_ (net)
                  0.16    0.00   11.69 v _312207_/A2 (sky130_fd_sc_hd__a22o_2)
                  0.05    0.32   12.02 v _312207_/X (sky130_fd_sc_hd__a22o_2)
     2    0.01                           _161011_ (net)
                  0.05    0.00   12.02 v _312208_/A1 (sky130_fd_sc_hd__mux2_2)
                  0.06    0.29   12.31 v _312208_/X (sky130_fd_sc_hd__mux2_2)
     2    0.01                           _161012_ (net)
                  0.06    0.00   12.31 v _312433_/A2 (sky130_fd_sc_hd__o21a_2)
                  0.03    0.20   12.51 v _312433_/X (sky130_fd_sc_hd__o21a_2)
     1    0.00                           _161221_ (net)
                  0.03    0.00   12.51 v _312434_/B2 (sky130_fd_sc_hd__a2bb2o_2)
                  0.05    0.24   12.75 v _312434_/X (sky130_fd_sc_hd__a2bb2o_2)
     2    0.00                           _161222_ (net)
                  0.05    0.00   12.75 v _375643_/C (sky130_fd_sc_hd__or4_2)
                  0.11    0.65   13.40 v _375643_/X (sky130_fd_sc_hd__or4_2)
     1    0.00                           _194025_ (net)
                  0.11    0.01   13.41 v _375644_/B1 (sky130_fd_sc_hd__o21ai_2)
                  0.16    0.11   13.51 ^ _375644_/Y (sky130_fd_sc_hd__o21ai_2)
     2    0.01                           _194026_ (net)
                  0.16    0.01   13.52 ^ _377562_/A1 (sky130_fd_sc_hd__a21oi_2)
                  0.10    0.07   13.59 v _377562_/Y (sky130_fd_sc_hd__a21oi_2)
     1    0.00                           _194918_ (net)
                  0.10    0.00   13.59 v _377563_/B2 (sky130_fd_sc_hd__a22o_2)
                  0.04    0.25   13.84 v _377563_/X (sky130_fd_sc_hd__a22o_2)
     1    0.00                           _067752_ (net)
                  0.04    0.00   13.84 v _425169_/D (sky130_fd_sc_hd__dfxtp_2)
                                 13.84   data arrival time

                  0.15   12.50   12.50   clock clk (rise edge)
                          0.00   12.50   clock network delay (ideal)
                         -0.25   12.25   clock uncertainty
                          0.00   12.25   clock reconvergence pessimism
                                 12.25 ^ _425169_/CLK (sky130_fd_sc_hd__dfxtp_2)
                         -0.09   12.16   library setup time
                                 12.16   data required time
-----------------------------------------------------------------------------
                                 12.16   data required time
                                -13.84   data arrival time
-----------------------------------------------------------------------------
                                 -1.68   slack (VIOLATED)


Startpoint: _437740_ (rising edge-triggered flip-flop clocked by clk')
Endpoint: _425167_ (rising edge-triggered flip-flop clocked by clk)
Path Group: clk
Path Type: max

Fanout     Cap    Slew   Delay    Time   Description
-----------------------------------------------------------------------------
                  0.15    6.25    6.25   clock clk' (rise edge)
                          0.00    6.25   clock network delay (ideal)
                  0.15    0.00    6.25 ^ _437740_/CLK (sky130_fd_sc_hd__dfxtp_2)
                  0.03    0.37    6.62 v _437740_/Q (sky130_fd_sc_hd__dfxtp_2)
     3    0.01                           dcache_tag_ram.dout0[0] (net)
                  0.03    0.00    6.62 v _309823_/A0 (sky130_fd_sc_hd__mux2_2)
                  0.07    0.29    6.90 v _309823_/X (sky130_fd_sc_hd__mux2_2)
     1    0.01                           _158803_ (net)
                  0.07    0.01    6.92 v _309824_/B (sky130_fd_sc_hd__xor2_2)
                  0.05    0.16    7.08 v _309824_/X (sky130_fd_sc_hd__xor2_2)
     3    0.01                           _158804_ (net)
                  0.05    0.00    7.08 v _309827_/B1 (sky130_fd_sc_hd__a2111o_2)
                  0.06    0.44    7.53 v _309827_/X (sky130_fd_sc_hd__a2111o_2)
     1    0.00                           _158807_ (net)
                  0.06    0.00    7.53 v _309828_/D (sky130_fd_sc_hd__or4_2)
                  0.09    0.55    8.07 v _309828_/X (sky130_fd_sc_hd__or4_2)
     1    0.00                           _158808_ (net)
                  0.09    0.00    8.08 v _309829_/D (sky130_fd_sc_hd__or4_2)
                  0.09    0.56    8.64 v _309829_/X (sky130_fd_sc_hd__or4_2)
     1    0.00                           _158809_ (net)
                  0.09    0.00    8.64 v _309866_/B (sky130_fd_sc_hd__or4b_2)
                  0.09    0.66    9.30 v _309866_/X (sky130_fd_sc_hd__or4b_2)
     1    0.00                           _158846_ (net)
                  0.09    0.00    9.30 v _309886_/C (sky130_fd_sc_hd__or4_2)
                  0.16    0.75   10.05 v _309886_/X (sky130_fd_sc_hd__or4_2)
     9    0.02                           _158866_ (net)
                  0.16    0.00   10.05 v _311508_/B (sky130_fd_sc_hd__or3_2)
                  0.11    0.57   10.62 v _311508_/X (sky130_fd_sc_hd__or3_2)
     8    0.01                           _160356_ (net)
                  0.11    0.00   10.62 v _311509_/B1 (sky130_fd_sc_hd__a31o_2)
                  0.06    0.28   10.90 v _311509_/X (sky130_fd_sc_hd__a31o_2)
     4    0.01                           _160357_ (net)
                  0.06    0.00   10.90 v _311773_/A (sky130_fd_sc_hd__buf_1)
                  0.11    0.17   11.07 v _311773_/X (sky130_fd_sc_hd__buf_1)
    10    0.02                           _160605_ (net)
                  0.11    0.00   11.07 v _312025_/B (sky130_fd_sc_hd__and2_2)
                  0.04    0.22   11.29 v _312025_/X (sky130_fd_sc_hd__and2_2)
     1    0.00                           _160841_ (net)
                  0.04    0.00   11.29 v _312026_/A (sky130_fd_sc_hd__buf_1)
                  0.11    0.16   11.45 v _312026_/X (sky130_fd_sc_hd__buf_1)
     8    0.02                           _160842_ (net)
                  0.11    0.00   11.45 v _312071_/A (sky130_fd_sc_hd__buf_1)
                  0.16    0.23   11.69 v _312071_/X (sky130_fd_sc_hd__buf_1)
    10    0.03                           _160885_ (net)
                  0.16    0.00   11.69 v _312073_/A2 (sky130_fd_sc_hd__a22o_2)
                  0.05    0.33   12.02 v _312073_/X (sky130_fd_sc_hd__a22o_2)
     2    0.01                           _160887_ (net)
                  0.05    0.00   12.02 v _312182_/A0 (sky130_fd_sc_hd__mux2_2)
                  0.06    0.29   12.30 v _312182_/X (sky130_fd_sc_hd__mux2_2)
     2    0.01                           _160988_ (net)
                  0.06    0.00   12.31 v _312407_/A2 (sky130_fd_sc_hd__o21a_2)
                  0.03    0.20   12.51 v _312407_/X (sky130_fd_sc_hd__o21a_2)
     1    0.00                           _161197_ (net)
                  0.03    0.00   12.51 v _312408_/B2 (sky130_fd_sc_hd__a2bb2o_2)
                  0.05    0.24   12.75 v _312408_/X (sky130_fd_sc_hd__a2bb2o_2)
     2    0.00                           _161198_ (net)
                  0.05    0.00   12.75 v _375637_/C (sky130_fd_sc_hd__or4_2)
                  0.11    0.65   13.40 v _375637_/X (sky130_fd_sc_hd__or4_2)
     1    0.00                           _194021_ (net)
                  0.11    0.01   13.40 v _375638_/B1 (sky130_fd_sc_hd__o21ai_2)
                  0.16    0.11   13.51 ^ _375638_/Y (sky130_fd_sc_hd__o21ai_2)
     2    0.01                           _194022_ (net)
                  0.16    0.01   13.52 ^ _377553_/A1 (sky130_fd_sc_hd__a21oi_2)
                  0.10    0.07   13.59 v _377553_/Y (sky130_fd_sc_hd__a21oi_2)
     1    0.00                           _194911_ (net)
                  0.10    0.00   13.59 v _377554_/B2 (sky130_fd_sc_hd__a22o_2)
                  0.04    0.25   13.84 v _377554_/X (sky130_fd_sc_hd__a22o_2)
     1    0.00                           _067750_ (net)
                  0.04    0.00   13.84 v _425167_/D (sky130_fd_sc_hd__dfxtp_2)
                                 13.84   data arrival time

                  0.15   12.50   12.50   clock clk (rise edge)
                          0.00   12.50   clock network delay (ideal)
                         -0.25   12.25   clock uncertainty
                          0.00   12.25   clock reconvergence pessimism
                                 12.25 ^ _425167_/CLK (sky130_fd_sc_hd__dfxtp_2)
                         -0.09   12.16   library setup time
                                 12.16   data required time
-----------------------------------------------------------------------------
                                 12.16   data required time
                                -13.84   data arrival time
-----------------------------------------------------------------------------
                                 -1.68   slack (VIOLATED)


Startpoint: _437740_ (rising edge-triggered flip-flop clocked by clk')
Endpoint: _425171_ (rising edge-triggered flip-flop clocked by clk)
Path Group: clk
Path Type: max

Fanout     Cap    Slew   Delay    Time   Description
-----------------------------------------------------------------------------
                  0.15    6.25    6.25   clock clk' (rise edge)
                          0.00    6.25   clock network delay (ideal)
                  0.15    0.00    6.25 ^ _437740_/CLK (sky130_fd_sc_hd__dfxtp_2)
                  0.03    0.37    6.62 v _437740_/Q (sky130_fd_sc_hd__dfxtp_2)
     3    0.01                           dcache_tag_ram.dout0[0] (net)
                  0.03    0.00    6.62 v _309823_/A0 (sky130_fd_sc_hd__mux2_2)
                  0.07    0.29    6.90 v _309823_/X (sky130_fd_sc_hd__mux2_2)
     1    0.01                           _158803_ (net)
                  0.07    0.01    6.92 v _309824_/B (sky130_fd_sc_hd__xor2_2)
                  0.05    0.16    7.08 v _309824_/X (sky130_fd_sc_hd__xor2_2)
     3    0.01                           _158804_ (net)
                  0.05    0.00    7.08 v _309827_/B1 (sky130_fd_sc_hd__a2111o_2)
                  0.06    0.44    7.53 v _309827_/X (sky130_fd_sc_hd__a2111o_2)
     1    0.00                           _158807_ (net)
                  0.06    0.00    7.53 v _309828_/D (sky130_fd_sc_hd__or4_2)
                  0.09    0.55    8.07 v _309828_/X (sky130_fd_sc_hd__or4_2)
     1    0.00                           _158808_ (net)
                  0.09    0.00    8.08 v _309829_/D (sky130_fd_sc_hd__or4_2)
                  0.09    0.56    8.64 v _309829_/X (sky130_fd_sc_hd__or4_2)
     1    0.00                           _158809_ (net)
                  0.09    0.00    8.64 v _309866_/B (sky130_fd_sc_hd__or4b_2)
                  0.09    0.66    9.30 v _309866_/X (sky130_fd_sc_hd__or4b_2)
     1    0.00                           _158846_ (net)
                  0.09    0.00    9.30 v _309886_/C (sky130_fd_sc_hd__or4_2)
                  0.16    0.75   10.05 v _309886_/X (sky130_fd_sc_hd__or4_2)
     9    0.02                           _158866_ (net)
                  0.16    0.00   10.05 v _311508_/B (sky130_fd_sc_hd__or3_2)
                  0.11    0.57   10.62 v _311508_/X (sky130_fd_sc_hd__or3_2)
     8    0.01                           _160356_ (net)
                  0.11    0.00   10.62 v _311509_/B1 (sky130_fd_sc_hd__a31o_2)
                  0.06    0.28   10.90 v _311509_/X (sky130_fd_sc_hd__a31o_2)
     4    0.01                           _160357_ (net)
                  0.06    0.00   10.90 v _311773_/A (sky130_fd_sc_hd__buf_1)
                  0.11    0.17   11.07 v _311773_/X (sky130_fd_sc_hd__buf_1)
    10    0.02                           _160605_ (net)
                  0.11    0.00   11.07 v _312025_/B (sky130_fd_sc_hd__and2_2)
                  0.04    0.22   11.29 v _312025_/X (sky130_fd_sc_hd__and2_2)
     1    0.00                           _160841_ (net)
                  0.04    0.00   11.29 v _312026_/A (sky130_fd_sc_hd__buf_1)
                  0.11    0.16   11.45 v _312026_/X (sky130_fd_sc_hd__buf_1)
     8    0.02                           _160842_ (net)
                  0.11    0.00   11.45 v _312071_/A (sky130_fd_sc_hd__buf_1)
                  0.16    0.23   11.69 v _312071_/X (sky130_fd_sc_hd__buf_1)
    10    0.03                           _160885_ (net)
                  0.16    0.00   11.69 v _312231_/A2 (sky130_fd_sc_hd__a22o_2)
                  0.05    0.32   12.02 v _312231_/X (sky130_fd_sc_hd__a22o_2)
     2    0.01                           _161033_ (net)
                  0.05    0.00   12.02 v _312232_/A1 (sky130_fd_sc_hd__mux2_2)
                  0.06    0.29   12.31 v _312232_/X (sky130_fd_sc_hd__mux2_2)
     2    0.01                           _161034_ (net)
                  0.06    0.00   12.31 v _312459_/A2 (sky130_fd_sc_hd__o21a_2)
                  0.03    0.20   12.51 v _312459_/X (sky130_fd_sc_hd__o21a_2)
     1    0.00                           _161245_ (net)
                  0.03    0.00   12.51 v _312460_/B2 (sky130_fd_sc_hd__a2bb2o_2)
                  0.05    0.24   12.75 v _312460_/X (sky130_fd_sc_hd__a2bb2o_2)
     2    0.00                           _161246_ (net)
                  0.05    0.00   12.75 v _375649_/C (sky130_fd_sc_hd__or4_2)
                  0.11    0.65   13.40 v _375649_/X (sky130_fd_sc_hd__or4_2)
     1    0.00                           _194029_ (net)
                  0.11    0.01   13.41 v _375650_/B1 (sky130_fd_sc_hd__o21ai_2)
                  0.16    0.11   13.51 ^ _375650_/Y (sky130_fd_sc_hd__o21ai_2)
     2    0.01                           _194030_ (net)
                  0.16    0.01   13.52 ^ _377570_/A1 (sky130_fd_sc_hd__a21oi_2)
                  0.08    0.07   13.59 v _377570_/Y (sky130_fd_sc_hd__a21oi_2)
     1    0.00                           _194924_ (net)
                  0.08    0.00   13.59 v _377571_/B2 (sky130_fd_sc_hd__a22o_2)
                  0.04    0.24   13.83 v _377571_/X (sky130_fd_sc_hd__a22o_2)
     1    0.00                           _067754_ (net)
                  0.04    0.00   13.84 v _425171_/D (sky130_fd_sc_hd__dfxtp_2)
                                 13.84   data arrival time

                  0.15   12.50   12.50   clock clk (rise edge)
                          0.00   12.50   clock network delay (ideal)
                         -0.25   12.25   clock uncertainty
                          0.00   12.25   clock reconvergence pessimism
                                 12.25 ^ _425171_/CLK (sky130_fd_sc_hd__dfxtp_2)
                         -0.09   12.16   library setup time
                                 12.16   data required time
-----------------------------------------------------------------------------
                                 12.16   data required time
                                -13.84   data arrival time
-----------------------------------------------------------------------------
                                 -1.67   slack (VIOLATED)


Startpoint: _437740_ (rising edge-triggered flip-flop clocked by clk')
Endpoint: _425166_ (rising edge-triggered flip-flop clocked by clk)
Path Group: clk
Path Type: max

Fanout     Cap    Slew   Delay    Time   Description
-----------------------------------------------------------------------------
                  0.15    6.25    6.25   clock clk' (rise edge)
                          0.00    6.25   clock network delay (ideal)
                  0.15    0.00    6.25 ^ _437740_/CLK (sky130_fd_sc_hd__dfxtp_2)
                  0.03    0.37    6.62 v _437740_/Q (sky130_fd_sc_hd__dfxtp_2)
     3    0.01                           dcache_tag_ram.dout0[0] (net)
                  0.03    0.00    6.62 v _309823_/A0 (sky130_fd_sc_hd__mux2_2)
                  0.07    0.29    6.90 v _309823_/X (sky130_fd_sc_hd__mux2_2)
     1    0.01                           _158803_ (net)
                  0.07    0.01    6.92 v _309824_/B (sky130_fd_sc_hd__xor2_2)
                  0.05    0.16    7.08 v _309824_/X (sky130_fd_sc_hd__xor2_2)
     3    0.01                           _158804_ (net)
                  0.05    0.00    7.08 v _309827_/B1 (sky130_fd_sc_hd__a2111o_2)
                  0.06    0.44    7.53 v _309827_/X (sky130_fd_sc_hd__a2111o_2)
     1    0.00                           _158807_ (net)
                  0.06    0.00    7.53 v _309828_/D (sky130_fd_sc_hd__or4_2)
                  0.09    0.55    8.07 v _309828_/X (sky130_fd_sc_hd__or4_2)
     1    0.00                           _158808_ (net)
                  0.09    0.00    8.08 v _309829_/D (sky130_fd_sc_hd__or4_2)
                  0.09    0.56    8.64 v _309829_/X (sky130_fd_sc_hd__or4_2)
     1    0.00                           _158809_ (net)
                  0.09    0.00    8.64 v _309866_/B (sky130_fd_sc_hd__or4b_2)
                  0.09    0.66    9.30 v _309866_/X (sky130_fd_sc_hd__or4b_2)
     1    0.00                           _158846_ (net)
                  0.09    0.00    9.30 v _309886_/C (sky130_fd_sc_hd__or4_2)
                  0.16    0.75   10.05 v _309886_/X (sky130_fd_sc_hd__or4_2)
     9    0.02                           _158866_ (net)
                  0.16    0.00   10.05 v _311508_/B (sky130_fd_sc_hd__or3_2)
                  0.11    0.57   10.62 v _311508_/X (sky130_fd_sc_hd__or3_2)
     8    0.01                           _160356_ (net)
                  0.11    0.00   10.62 v _311509_/B1 (sky130_fd_sc_hd__a31o_2)
                  0.06    0.28   10.90 v _311509_/X (sky130_fd_sc_hd__a31o_2)
     4    0.01                           _160357_ (net)
                  0.06    0.00   10.90 v _311773_/A (sky130_fd_sc_hd__buf_1)
                  0.11    0.17   11.07 v _311773_/X (sky130_fd_sc_hd__buf_1)
    10    0.02                           _160605_ (net)
                  0.11    0.00   11.07 v _312025_/B (sky130_fd_sc_hd__and2_2)
                  0.04    0.22   11.29 v _312025_/X (sky130_fd_sc_hd__and2_2)
     1    0.00                           _160841_ (net)
                  0.04    0.00   11.29 v _312026_/A (sky130_fd_sc_hd__buf_1)
                  0.11    0.16   11.45 v _312026_/X (sky130_fd_sc_hd__buf_1)
     8    0.02                           _160842_ (net)
                  0.11    0.00   11.45 v _312087_/A (sky130_fd_sc_hd__buf_1)
                  0.18    0.25   11.70 v _312087_/X (sky130_fd_sc_hd__buf_1)
    10    0.03                           _160900_ (net)
                  0.18    0.00   11.71 v _312168_/A2 (sky130_fd_sc_hd__a221o_2)
                  0.05    0.45   12.15 v _312168_/X (sky130_fd_sc_hd__a221o_2)
     1    0.00                           _160975_ (net)
                  0.05    0.00   12.16 v _312169_/B1 (sky130_fd_sc_hd__o21a_2)
                  0.04    0.13   12.29 v _312169_/X (sky130_fd_sc_hd__o21a_2)
     2    0.01                           _160976_ (net)
                  0.04    0.00   12.29 v _312395_/A2 (sky130_fd_sc_hd__o21a_2)
                  0.03    0.19   12.48 v _312395_/X (sky130_fd_sc_hd__o21a_2)
     1    0.00                           _161186_ (net)
                  0.03    0.00   12.48 v _312396_/B2 (sky130_fd_sc_hd__a2bb2o_2)
                  0.05    0.24   12.72 v _312396_/X (sky130_fd_sc_hd__a2bb2o_2)
     2    0.00                           _161187_ (net)
                  0.05    0.00   12.72 v _375633_/C (sky130_fd_sc_hd__or4_2)
                  0.11    0.65   13.37 v _375633_/X (sky130_fd_sc_hd__or4_2)
     1    0.00                           _194018_ (net)
                  0.11    0.01   13.38 v _375634_/B1 (sky130_fd_sc_hd__o21ai_2)
                  0.16    0.11   13.49 ^ _375634_/Y (sky130_fd_sc_hd__o21ai_2)
     2    0.01                           _194019_ (net)
                  0.16    0.01   13.49 ^ _377549_/A1 (sky130_fd_sc_hd__a21oi_2)
                  0.10    0.07   13.56 v _377549_/Y (sky130_fd_sc_hd__a21oi_2)
     1    0.00                           _194908_ (net)
                  0.10    0.00   13.57 v _377550_/B2 (sky130_fd_sc_hd__a22o_2)
                  0.04    0.25   13.81 v _377550_/X (sky130_fd_sc_hd__a22o_2)
     1    0.00                           _067749_ (net)
                  0.04    0.00   13.82 v _425166_/D (sky130_fd_sc_hd__dfxtp_2)
                                 13.82   data arrival time

                  0.15   12.50   12.50   clock clk (rise edge)
                          0.00   12.50   clock network delay (ideal)
                         -0.25   12.25   clock uncertainty
                          0.00   12.25   clock reconvergence pessimism
                                 12.25 ^ _425166_/CLK (sky130_fd_sc_hd__dfxtp_2)
                         -0.09   12.16   library setup time
                                 12.16   data required time
-----------------------------------------------------------------------------
                                 12.16   data required time
                                -13.82   data arrival time
-----------------------------------------------------------------------------
                                 -1.65   slack (VIOLATED)


